[2025-11-02T03:52:04.224+0000] {manager.py:470} INFO - Processing files using up to 2 processes at a time 
[2025-11-02T03:52:04.227+0000] {manager.py:471} INFO - Process each file at most once every 30 seconds
[2025-11-02T03:52:04.228+0000] {manager.py:472} INFO - Checking for new files in /opt/airflow/dags every 300 seconds
[2025-11-02T03:52:04.229+0000] {manager.py:737} INFO - Searching for files in /opt/airflow/dags
[2025-11-02T03:52:04.258+0000] {manager.py:740} INFO - There are 1 files in /opt/airflow/dags
[2025-11-02T03:52:04.391+0000] {manager.py:878} INFO - 
================================================================================
DAG File Processing Stats

File Path                                   PID  Runtime      # DAGs    # Errors  Last Runtime    Last Run
----------------------------------------  -----  ---------  --------  ----------  --------------  ----------
/opt/airflow/dags/news_summarizer_dag.py    168  0.07s             0           0
================================================================================
[2025-11-02T03:52:34.708+0000] {manager.py:878} INFO - 
================================================================================
DAG File Processing Stats

File Path                                   PID  Runtime      # DAGs    # Errors  Last Runtime    Last Run
----------------------------------------  -----  ---------  --------  ----------  --------------  -------------------
/opt/airflow/dags/news_summarizer_dag.py    173  0.01s             0           1  0.12s           2025-11-02T03:52:04
================================================================================
[2025-11-02T03:53:04.980+0000] {manager.py:878} INFO - 
================================================================================
DAG File Processing Stats

File Path                                   PID  Runtime      # DAGs    # Errors  Last Runtime    Last Run
----------------------------------------  -----  ---------  --------  ----------  --------------  -------------------
/opt/airflow/dags/news_summarizer_dag.py    178  0.00s             0           1  0.15s           2025-11-02T03:52:34
================================================================================
[2025-11-02T03:53:35.280+0000] {manager.py:878} INFO - 
================================================================================
DAG File Processing Stats

File Path                                   PID  Runtime      # DAGs    # Errors  Last Runtime    Last Run
----------------------------------------  -----  ---------  --------  ----------  --------------  -------------------
/opt/airflow/dags/news_summarizer_dag.py    183  0.01s             0           1  0.09s           2025-11-02T03:53:05
================================================================================
[2025-11-02T03:54:05.589+0000] {manager.py:878} INFO - 
================================================================================
DAG File Processing Stats

File Path                                   PID  Runtime      # DAGs    # Errors  Last Runtime    Last Run
----------------------------------------  -----  ---------  --------  ----------  --------------  -------------------
/opt/airflow/dags/news_summarizer_dag.py    188  0.01s             0           1  0.10s           2025-11-02T03:53:35
================================================================================
[2025-11-02T03:54:35.992+0000] {manager.py:878} INFO - 
================================================================================
DAG File Processing Stats

File Path                                   PID  Runtime      # DAGs    # Errors  Last Runtime    Last Run
----------------------------------------  -----  ---------  --------  ----------  --------------  -------------------
/opt/airflow/dags/news_summarizer_dag.py    193  0.00s             0           1  0.12s           2025-11-02T03:54:05
================================================================================
[2025-11-02T03:55:06.337+0000] {manager.py:878} INFO - 
================================================================================
DAG File Processing Stats

File Path                                   PID  Runtime      # DAGs    # Errors  Last Runtime    Last Run
----------------------------------------  -----  ---------  --------  ----------  --------------  -------------------
/opt/airflow/dags/news_summarizer_dag.py    198  0.01s             0           1  0.15s           2025-11-02T03:54:36
================================================================================
[2025-11-02T03:55:36.712+0000] {manager.py:878} INFO - 
================================================================================
DAG File Processing Stats

File Path                                   PID  Runtime      # DAGs    # Errors  Last Runtime    Last Run
----------------------------------------  -----  ---------  --------  ----------  --------------  -------------------
/opt/airflow/dags/news_summarizer_dag.py    203  0.01s             0           1  0.14s           2025-11-02T03:55:06
================================================================================
[2025-11-02T03:56:07.056+0000] {manager.py:878} INFO - 
================================================================================
DAG File Processing Stats

File Path                                   PID  Runtime      # DAGs    # Errors  Last Runtime    Last Run
----------------------------------------  -----  ---------  --------  ----------  --------------  -------------------
/opt/airflow/dags/news_summarizer_dag.py    208  0.01s             0           1  0.22s           2025-11-02T03:55:36
================================================================================
[2025-11-02T03:56:37.646+0000] {manager.py:878} INFO - 
================================================================================
DAG File Processing Stats

File Path                                 PID    Runtime      # DAGs    # Errors  Last Runtime    Last Run
----------------------------------------  -----  ---------  --------  ----------  --------------  -------------------
/opt/airflow/dags/news_summarizer_dag.py                           0           1  0.14s           2025-11-02T03:56:32
================================================================================
[2025-11-02T03:57:04.918+0000] {manager.py:737} INFO - Searching for files in /opt/airflow/dags
[2025-11-02T03:57:04.938+0000] {manager.py:740} INFO - There are 1 files in /opt/airflow/dags
[2025-11-02T03:57:07.975+0000] {manager.py:878} INFO - 
================================================================================
DAG File Processing Stats

File Path                                 PID    Runtime      # DAGs    # Errors  Last Runtime    Last Run
----------------------------------------  -----  ---------  --------  ----------  --------------  -------------------
/opt/airflow/dags/news_summarizer_dag.py                           0           1  0.15s           2025-11-02T03:57:03
================================================================================
[2025-11-02T03:57:31.571+0000] {manager.py:452} INFO - Exiting gracefully upon receiving signal 15
[2025-11-02T03:57:55.533+0000] {manager.py:470} INFO - Processing files using up to 2 processes at a time 
[2025-11-02T03:57:55.536+0000] {manager.py:471} INFO - Process each file at most once every 30 seconds
[2025-11-02T03:57:55.538+0000] {manager.py:472} INFO - Checking for new files in /opt/airflow/dags every 300 seconds
[2025-11-02T03:57:55.541+0000] {manager.py:737} INFO - Searching for files in /opt/airflow/dags
[2025-11-02T03:57:55.587+0000] {manager.py:740} INFO - There are 1 files in /opt/airflow/dags
[2025-11-02T03:57:55.818+0000] {manager.py:878} INFO - 
================================================================================
DAG File Processing Stats

File Path                                   PID  Runtime      # DAGs    # Errors  Last Runtime    Last Run
----------------------------------------  -----  ---------  --------  ----------  --------------  ----------
/opt/airflow/dags/news_summarizer_dag.py    168  0.11s             0           0
================================================================================
[2025-11-02T03:58:26.044+0000] {manager.py:878} INFO - 
================================================================================
DAG File Processing Stats

File Path                                   PID  Runtime      # DAGs    # Errors  Last Runtime    Last Run
----------------------------------------  -----  ---------  --------  ----------  --------------  -------------------
/opt/airflow/dags/news_summarizer_dag.py    173  0.01s             0           1  0.20s           2025-11-02T03:57:55
================================================================================
[2025-11-02T03:58:56.507+0000] {manager.py:878} INFO - 
================================================================================
DAG File Processing Stats

File Path                                   PID  Runtime      # DAGs    # Errors  Last Runtime    Last Run
----------------------------------------  -----  ---------  --------  ----------  --------------  -------------------
/opt/airflow/dags/news_summarizer_dag.py    178  0.01s             0           1  0.12s           2025-11-02T03:58:26
================================================================================
[2025-11-02T03:59:26.786+0000] {manager.py:878} INFO - 
================================================================================
DAG File Processing Stats

File Path                                   PID  Runtime      # DAGs    # Errors  Last Runtime    Last Run
----------------------------------------  -----  ---------  --------  ----------  --------------  -------------------
/opt/airflow/dags/news_summarizer_dag.py    183  0.01s             0           1  0.20s           2025-11-02T03:58:56
================================================================================
[2025-11-02T03:59:57.125+0000] {manager.py:878} INFO - 
================================================================================
DAG File Processing Stats

File Path                                   PID  Runtime      # DAGs    # Errors  Last Runtime    Last Run
----------------------------------------  -----  ---------  --------  ----------  --------------  -------------------
/opt/airflow/dags/news_summarizer_dag.py    188  0.01s             0           1  0.18s           2025-11-02T03:59:26
================================================================================
[2025-11-02T04:00:27.498+0000] {manager.py:878} INFO - 
================================================================================
DAG File Processing Stats

File Path                                   PID  Runtime      # DAGs    # Errors  Last Runtime    Last Run
----------------------------------------  -----  ---------  --------  ----------  --------------  -------------------
/opt/airflow/dags/news_summarizer_dag.py    193  0.01s             0           1  0.12s           2025-11-02T03:59:57
================================================================================
[2025-11-02T04:00:36.549+0000] {manager.py:452} INFO - Exiting gracefully upon receiving signal 15
[2025-11-02T04:00:49.374+0000] {manager.py:470} INFO - Processing files using up to 2 processes at a time 
[2025-11-02T04:00:49.378+0000] {manager.py:471} INFO - Process each file at most once every 30 seconds
[2025-11-02T04:00:49.381+0000] {manager.py:472} INFO - Checking for new files in /opt/airflow/dags every 300 seconds
[2025-11-02T04:00:49.385+0000] {manager.py:737} INFO - Searching for files in /opt/airflow/dags
[2025-11-02T04:00:49.458+0000] {manager.py:740} INFO - There are 1 files in /opt/airflow/dags
[2025-11-02T04:00:49.678+0000] {manager.py:878} INFO - 
================================================================================
DAG File Processing Stats

File Path                                   PID  Runtime      # DAGs    # Errors  Last Runtime    Last Run
----------------------------------------  -----  ---------  --------  ----------  --------------  ----------
/opt/airflow/dags/news_summarizer_dag.py    168  0.10s             0           0
================================================================================
[2025-11-02T04:01:19.906+0000] {manager.py:878} INFO - 
================================================================================
DAG File Processing Stats

File Path                                   PID  Runtime      # DAGs    # Errors  Last Runtime    Last Run
----------------------------------------  -----  ---------  --------  ----------  --------------  -------------------
/opt/airflow/dags/news_summarizer_dag.py    173  0.01s             0           1  0.21s           2025-11-02T04:00:49
================================================================================
[2025-11-02T04:01:50.159+0000] {manager.py:878} INFO - 
================================================================================
DAG File Processing Stats

File Path                                   PID  Runtime      # DAGs    # Errors  Last Runtime    Last Run
----------------------------------------  -----  ---------  --------  ----------  --------------  -------------------
/opt/airflow/dags/news_summarizer_dag.py    178  0.01s             0           1  0.09s           2025-11-02T04:01:19
================================================================================
[2025-11-02T04:02:20.562+0000] {manager.py:878} INFO - 
================================================================================
DAG File Processing Stats

File Path                                   PID  Runtime      # DAGs    # Errors  Last Runtime    Last Run
----------------------------------------  -----  ---------  --------  ----------  --------------  -------------------
/opt/airflow/dags/news_summarizer_dag.py    183  0.00s             0           1  0.11s           2025-11-02T04:01:50
================================================================================
[2025-11-02T04:02:50.813+0000] {manager.py:878} INFO - 
================================================================================
DAG File Processing Stats

File Path                                   PID  Runtime      # DAGs    # Errors  Last Runtime    Last Run
----------------------------------------  -----  ---------  --------  ----------  --------------  -------------------
/opt/airflow/dags/news_summarizer_dag.py    188  0.01s             0           1  0.24s           2025-11-02T04:02:20
================================================================================
[2025-11-02T04:03:21.132+0000] {manager.py:878} INFO - 
================================================================================
DAG File Processing Stats

File Path                                   PID  Runtime      # DAGs    # Errors  Last Runtime    Last Run
----------------------------------------  -----  ---------  --------  ----------  --------------  -------------------
/opt/airflow/dags/news_summarizer_dag.py    193  0.01s             0           1  0.09s           2025-11-02T04:02:50
================================================================================
[2025-11-02T04:03:51.503+0000] {manager.py:878} INFO - 
================================================================================
DAG File Processing Stats

File Path                                   PID  Runtime      # DAGs    # Errors  Last Runtime    Last Run
----------------------------------------  -----  ---------  --------  ----------  --------------  -------------------
/opt/airflow/dags/news_summarizer_dag.py    198  0.01s             0           1  0.30s           2025-11-02T04:03:21
================================================================================
[2025-11-02T04:04:21.778+0000] {manager.py:878} INFO - 
================================================================================
DAG File Processing Stats

File Path                                   PID  Runtime      # DAGs    # Errors  Last Runtime    Last Run
----------------------------------------  -----  ---------  --------  ----------  --------------  -------------------
/opt/airflow/dags/news_summarizer_dag.py    203  0.01s             0           1  0.14s           2025-11-02T04:03:51
================================================================================
[2025-11-02T04:04:52.264+0000] {manager.py:878} INFO - 
================================================================================
DAG File Processing Stats

File Path                                   PID  Runtime      # DAGs    # Errors  Last Runtime    Last Run
----------------------------------------  -----  ---------  --------  ----------  --------------  -------------------
/opt/airflow/dags/news_summarizer_dag.py    208  0.01s             0           1  0.28s           2025-11-02T04:04:22
================================================================================
[2025-11-02T04:05:22.561+0000] {manager.py:878} INFO - 
================================================================================
DAG File Processing Stats

File Path                                   PID  Runtime      # DAGs    # Errors  Last Runtime    Last Run
----------------------------------------  -----  ---------  --------  ----------  --------------  -------------------
/opt/airflow/dags/news_summarizer_dag.py    213  0.00s             0           1  0.14s           2025-11-02T04:04:52
================================================================================
[2025-11-02T04:05:26.780+0000] {manager.py:452} INFO - Exiting gracefully upon receiving signal 15
[2025-11-02T04:06:00.514+0000] {manager.py:470} INFO - Processing files using up to 2 processes at a time 
[2025-11-02T04:06:00.519+0000] {manager.py:471} INFO - Process each file at most once every 30 seconds
[2025-11-02T04:06:00.521+0000] {manager.py:472} INFO - Checking for new files in /opt/airflow/dags every 300 seconds
[2025-11-02T04:06:00.524+0000] {manager.py:737} INFO - Searching for files in /opt/airflow/dags
[2025-11-02T04:06:00.567+0000] {manager.py:740} INFO - There are 1 files in /opt/airflow/dags
[2025-11-02T04:06:00.767+0000] {manager.py:878} INFO - 
================================================================================
DAG File Processing Stats

File Path                                   PID  Runtime      # DAGs    # Errors  Last Runtime    Last Run
----------------------------------------  -----  ---------  --------  ----------  --------------  ----------
/opt/airflow/dags/news_summarizer_dag.py    168  0.08s             0           0
================================================================================
[2025-11-02T04:06:30.995+0000] {manager.py:878} INFO - 
================================================================================
DAG File Processing Stats

File Path                                   PID  Runtime      # DAGs    # Errors  Last Runtime    Last Run
----------------------------------------  -----  ---------  --------  ----------  --------------  -------------------
/opt/airflow/dags/news_summarizer_dag.py    173  0.01s             0           1  0.18s           2025-11-02T04:06:00
================================================================================
[2025-11-02T04:07:01.377+0000] {manager.py:878} INFO - 
================================================================================
DAG File Processing Stats

File Path                                   PID  Runtime      # DAGs    # Errors  Last Runtime    Last Run
----------------------------------------  -----  ---------  --------  ----------  --------------  -------------------
/opt/airflow/dags/news_summarizer_dag.py    178  0.01s             0           1  0.21s           2025-11-02T04:06:31
================================================================================
[2025-11-02T04:07:31.657+0000] {manager.py:878} INFO - 
================================================================================
DAG File Processing Stats

File Path                                   PID  Runtime      # DAGs    # Errors  Last Runtime    Last Run
----------------------------------------  -----  ---------  --------  ----------  --------------  -------------------
/opt/airflow/dags/news_summarizer_dag.py    183  0.01s             0           1  0.18s           2025-11-02T04:07:01
================================================================================
[2025-11-02T04:08:02.037+0000] {manager.py:878} INFO - 
================================================================================
DAG File Processing Stats

File Path                                   PID  Runtime      # DAGs    # Errors  Last Runtime    Last Run
----------------------------------------  -----  ---------  --------  ----------  --------------  -------------------
/opt/airflow/dags/news_summarizer_dag.py    188  0.01s             0           1  0.19s           2025-11-02T04:07:31
================================================================================
[2025-11-02T04:08:32.343+0000] {manager.py:878} INFO - 
================================================================================
DAG File Processing Stats

File Path                                   PID  Runtime      # DAGs    # Errors  Last Runtime    Last Run
----------------------------------------  -----  ---------  --------  ----------  --------------  -------------------
/opt/airflow/dags/news_summarizer_dag.py    193  0.01s             0           1  0.19s           2025-11-02T04:08:02
================================================================================
[2025-11-02T04:09:02.810+0000] {manager.py:878} INFO - 
================================================================================
DAG File Processing Stats

File Path                                   PID  Runtime      # DAGs    # Errors  Last Runtime    Last Run
----------------------------------------  -----  ---------  --------  ----------  --------------  -------------------
/opt/airflow/dags/news_summarizer_dag.py    198  0.01s             0           1  0.26s           2025-11-02T04:08:32
================================================================================
[2025-11-02T04:09:33.253+0000] {manager.py:878} INFO - 
================================================================================
DAG File Processing Stats

File Path                                   PID  Runtime      # DAGs    # Errors  Last Runtime    Last Run
----------------------------------------  -----  ---------  --------  ----------  --------------  -------------------
/opt/airflow/dags/news_summarizer_dag.py    203  0.01s             0           1  0.19s           2025-11-02T04:09:02
================================================================================
[2025-11-02T04:10:03.667+0000] {manager.py:878} INFO - 
================================================================================
DAG File Processing Stats

File Path                                   PID  Runtime      # DAGs    # Errors  Last Runtime    Last Run
----------------------------------------  -----  ---------  --------  ----------  --------------  -------------------
/opt/airflow/dags/news_summarizer_dag.py    208  0.01s             0           1  0.18s           2025-11-02T04:09:33
================================================================================
[2025-11-02T04:10:33.967+0000] {manager.py:878} INFO - 
================================================================================
DAG File Processing Stats

File Path                                 PID    Runtime      # DAGs    # Errors  Last Runtime    Last Run
----------------------------------------  -----  ---------  --------  ----------  --------------  -------------------
/opt/airflow/dags/news_summarizer_dag.py                           0           1  0.38s           2025-11-02T04:10:04
================================================================================
[2025-11-02T04:11:00.636+0000] {manager.py:737} INFO - Searching for files in /opt/airflow/dags
[2025-11-02T04:11:00.676+0000] {manager.py:740} INFO - There are 1 files in /opt/airflow/dags
[2025-11-02T04:11:04.783+0000] {manager.py:878} INFO - 
================================================================================
DAG File Processing Stats

File Path                                   PID  Runtime      # DAGs    # Errors  Last Runtime    Last Run
----------------------------------------  -----  ---------  --------  ----------  --------------  -------------------
/opt/airflow/dags/news_summarizer_dag.py    218  0.02s             0           1  0.25s           2025-11-02T04:10:34
================================================================================
[2025-11-02T04:11:35.335+0000] {manager.py:878} INFO - 
================================================================================
DAG File Processing Stats

File Path                                   PID  Runtime      # DAGs    # Errors  Last Runtime    Last Run
----------------------------------------  -----  ---------  --------  ----------  --------------  -------------------
/opt/airflow/dags/news_summarizer_dag.py    223  0.01s             0           1  0.30s           2025-11-02T04:11:05
================================================================================
[2025-11-02T04:12:05.906+0000] {manager.py:878} INFO - 
================================================================================
DAG File Processing Stats

File Path                                   PID  Runtime      # DAGs    # Errors  Last Runtime    Last Run
----------------------------------------  -----  ---------  --------  ----------  --------------  -------------------
/opt/airflow/dags/news_summarizer_dag.py    228  0.01s             0           1  0.46s           2025-11-02T04:11:35
================================================================================
[2025-11-02T04:12:36.308+0000] {manager.py:878} INFO - 
================================================================================
DAG File Processing Stats

File Path                                   PID  Runtime      # DAGs    # Errors  Last Runtime    Last Run
----------------------------------------  -----  ---------  --------  ----------  --------------  -------------------
/opt/airflow/dags/news_summarizer_dag.py    233  0.01s             0           1  0.17s           2025-11-02T04:12:06
================================================================================
[2025-11-02T04:13:06.716+0000] {manager.py:878} INFO - 
================================================================================
DAG File Processing Stats

File Path                                   PID  Runtime      # DAGs    # Errors  Last Runtime    Last Run
----------------------------------------  -----  ---------  --------  ----------  --------------  -------------------
/opt/airflow/dags/news_summarizer_dag.py    238  0.01s             0           1  0.18s           2025-11-02T04:12:36
================================================================================
[2025-11-02T04:13:37.125+0000] {manager.py:878} INFO - 
================================================================================
DAG File Processing Stats

File Path                                   PID  Runtime      # DAGs    # Errors  Last Runtime    Last Run
----------------------------------------  -----  ---------  --------  ----------  --------------  -------------------
/opt/airflow/dags/news_summarizer_dag.py    243  0.01s             0           1  0.09s           2025-11-02T04:13:06
================================================================================
[2025-11-02T04:14:07.535+0000] {manager.py:878} INFO - 
================================================================================
DAG File Processing Stats

File Path                                   PID  Runtime      # DAGs    # Errors  Last Runtime    Last Run
----------------------------------------  -----  ---------  --------  ----------  --------------  -------------------
/opt/airflow/dags/news_summarizer_dag.py    248  0.01s             0           1  0.30s           2025-11-02T04:13:37
================================================================================
[2025-11-02T04:14:37.784+0000] {manager.py:878} INFO - 
================================================================================
DAG File Processing Stats

File Path                                   PID  Runtime      # DAGs    # Errors  Last Runtime    Last Run
----------------------------------------  -----  ---------  --------  ----------  --------------  -------------------
/opt/airflow/dags/news_summarizer_dag.py    253  0.01s             0           1  0.17s           2025-11-02T04:14:07
================================================================================
[2025-11-02T04:15:08.326+0000] {manager.py:878} INFO - 
================================================================================
DAG File Processing Stats

File Path                                   PID  Runtime      # DAGs    # Errors  Last Runtime    Last Run
----------------------------------------  -----  ---------  --------  ----------  --------------  -------------------
/opt/airflow/dags/news_summarizer_dag.py    258  0.02s             0           1  0.39s           2025-11-02T04:14:38
================================================================================
[2025-11-02T04:15:38.836+0000] {manager.py:878} INFO - 
================================================================================
DAG File Processing Stats

File Path                                   PID  Runtime      # DAGs    # Errors  Last Runtime    Last Run
----------------------------------------  -----  ---------  --------  ----------  --------------  -------------------
/opt/airflow/dags/news_summarizer_dag.py    263  0.01s             0           1  0.35s           2025-11-02T04:15:08
================================================================================
[2025-11-02T04:16:01.040+0000] {manager.py:737} INFO - Searching for files in /opt/airflow/dags
[2025-11-02T04:16:01.134+0000] {manager.py:740} INFO - There are 1 files in /opt/airflow/dags
[2025-11-02T04:16:09.289+0000] {manager.py:878} INFO - 
================================================================================
DAG File Processing Stats

File Path                                   PID  Runtime      # DAGs    # Errors  Last Runtime    Last Run
----------------------------------------  -----  ---------  --------  ----------  --------------  -------------------
/opt/airflow/dags/news_summarizer_dag.py    268  0.01s             0           1  0.13s           2025-11-02T04:15:38
================================================================================
[2025-11-02T04:16:39.663+0000] {manager.py:878} INFO - 
================================================================================
DAG File Processing Stats

File Path                                   PID  Runtime      # DAGs    # Errors  Last Runtime    Last Run
----------------------------------------  -----  ---------  --------  ----------  --------------  -------------------
/opt/airflow/dags/news_summarizer_dag.py    273  0.01s             0           1  0.22s           2025-11-02T04:16:09
================================================================================
[2025-11-02T04:17:10.104+0000] {manager.py:878} INFO - 
================================================================================
DAG File Processing Stats

File Path                                   PID  Runtime      # DAGs    # Errors  Last Runtime    Last Run
----------------------------------------  -----  ---------  --------  ----------  --------------  -------------------
/opt/airflow/dags/news_summarizer_dag.py    278  0.01s             0           1  0.25s           2025-11-02T04:16:39
================================================================================
[2025-11-02T04:17:40.479+0000] {manager.py:878} INFO - 
================================================================================
DAG File Processing Stats

File Path                                   PID  Runtime      # DAGs    # Errors  Last Runtime    Last Run
----------------------------------------  -----  ---------  --------  ----------  --------------  -------------------
/opt/airflow/dags/news_summarizer_dag.py    283  0.01s             0           1  0.31s           2025-11-02T04:17:10
================================================================================
[2025-11-02T04:18:11.087+0000] {manager.py:878} INFO - 
================================================================================
DAG File Processing Stats

File Path                                   PID  Runtime      # DAGs    # Errors  Last Runtime    Last Run
----------------------------------------  -----  ---------  --------  ----------  --------------  -------------------
/opt/airflow/dags/news_summarizer_dag.py    288  0.01s             0           1  0.33s           2025-11-02T04:17:40
================================================================================
[2025-11-02T04:18:41.430+0000] {manager.py:878} INFO - 
================================================================================
DAG File Processing Stats

File Path                                   PID  Runtime      # DAGs    # Errors  Last Runtime    Last Run
----------------------------------------  -----  ---------  --------  ----------  --------------  -------------------
/opt/airflow/dags/news_summarizer_dag.py    293  0.01s             0           1  0.25s           2025-11-02T04:18:11
================================================================================
[2025-11-02T04:19:11.879+0000] {manager.py:878} INFO - 
================================================================================
DAG File Processing Stats

File Path                                   PID  Runtime      # DAGs    # Errors  Last Runtime    Last Run
----------------------------------------  -----  ---------  --------  ----------  --------------  -------------------
/opt/airflow/dags/news_summarizer_dag.py    298  0.02s             0           1  0.23s           2025-11-02T04:18:41
================================================================================
[2025-11-02T04:19:42.320+0000] {manager.py:878} INFO - 
================================================================================
DAG File Processing Stats

File Path                                   PID  Runtime      # DAGs    # Errors  Last Runtime    Last Run
----------------------------------------  -----  ---------  --------  ----------  --------------  -------------------
/opt/airflow/dags/news_summarizer_dag.py    303  0.01s             0           1  0.31s           2025-11-02T04:19:12
================================================================================
[2025-11-02T04:20:12.601+0000] {manager.py:878} INFO - 
================================================================================
DAG File Processing Stats

File Path                                   PID  Runtime      # DAGs    # Errors  Last Runtime    Last Run
----------------------------------------  -----  ---------  --------  ----------  --------------  -------------------
/opt/airflow/dags/news_summarizer_dag.py    308  0.00s             0           1  0.26s           2025-11-02T04:19:42
================================================================================
[2025-11-02T04:20:42.902+0000] {manager.py:878} INFO - 
================================================================================
DAG File Processing Stats

File Path                                   PID  Runtime      # DAGs    # Errors  Last Runtime    Last Run
----------------------------------------  -----  ---------  --------  ----------  --------------  -------------------
/opt/airflow/dags/news_summarizer_dag.py    313  0.01s             0           1  0.08s           2025-11-02T04:20:12
================================================================================
[2025-11-02T04:21:01.127+0000] {manager.py:737} INFO - Searching for files in /opt/airflow/dags
[2025-11-02T04:21:01.151+0000] {manager.py:740} INFO - There are 1 files in /opt/airflow/dags
[2025-11-02T04:21:13.401+0000] {manager.py:878} INFO - 
================================================================================
DAG File Processing Stats

File Path                                   PID  Runtime      # DAGs    # Errors  Last Runtime    Last Run
----------------------------------------  -----  ---------  --------  ----------  --------------  -------------------
/opt/airflow/dags/news_summarizer_dag.py    318  0.01s             0           1  0.20s           2025-11-02T04:20:43
================================================================================
[2025-11-02T04:21:43.751+0000] {manager.py:878} INFO - 
================================================================================
DAG File Processing Stats

File Path                                   PID  Runtime      # DAGs    # Errors  Last Runtime    Last Run
----------------------------------------  -----  ---------  --------  ----------  --------------  -------------------
/opt/airflow/dags/news_summarizer_dag.py    323  0.01s             0           1  0.19s           2025-11-02T04:21:13
================================================================================
[2025-11-02T04:22:14.171+0000] {manager.py:878} INFO - 
================================================================================
DAG File Processing Stats

File Path                                   PID  Runtime      # DAGs    # Errors  Last Runtime    Last Run
----------------------------------------  -----  ---------  --------  ----------  --------------  -------------------
/opt/airflow/dags/news_summarizer_dag.py    328  0.01s             0           1  0.17s           2025-11-02T04:21:43
================================================================================
[2025-11-02T04:22:44.431+0000] {manager.py:878} INFO - 
================================================================================
DAG File Processing Stats

File Path                                 PID    Runtime      # DAGs    # Errors  Last Runtime    Last Run
----------------------------------------  -----  ---------  --------  ----------  --------------  -------------------
/opt/airflow/dags/news_summarizer_dag.py                           0           1  0.29s           2025-11-02T04:22:14
================================================================================
[2025-11-02T04:23:15.002+0000] {manager.py:878} INFO - 
================================================================================
DAG File Processing Stats

File Path                                   PID  Runtime      # DAGs    # Errors  Last Runtime    Last Run
----------------------------------------  -----  ---------  --------  ----------  --------------  -------------------
/opt/airflow/dags/news_summarizer_dag.py    338  0.01s             0           1  0.18s           2025-11-02T04:22:44
================================================================================
[2025-11-02T04:23:45.449+0000] {manager.py:878} INFO - 
================================================================================
DAG File Processing Stats

File Path                                   PID  Runtime      # DAGs    # Errors  Last Runtime    Last Run
----------------------------------------  -----  ---------  --------  ----------  --------------  -------------------
/opt/airflow/dags/news_summarizer_dag.py    343  0.01s             0           1  0.23s           2025-11-02T04:23:15
================================================================================
[2025-11-02T04:24:15.815+0000] {manager.py:878} INFO - 
================================================================================
DAG File Processing Stats

File Path                                   PID  Runtime      # DAGs    # Errors  Last Runtime    Last Run
----------------------------------------  -----  ---------  --------  ----------  --------------  -------------------
/opt/airflow/dags/news_summarizer_dag.py    348  0.01s             0           1  0.27s           2025-11-02T04:23:45
================================================================================
[2025-11-02T04:24:46.218+0000] {manager.py:878} INFO - 
================================================================================
DAG File Processing Stats

File Path                                   PID  Runtime      # DAGs    # Errors  Last Runtime    Last Run
----------------------------------------  -----  ---------  --------  ----------  --------------  -------------------
/opt/airflow/dags/news_summarizer_dag.py    353  0.01s             0           1  0.27s           2025-11-02T04:24:16
================================================================================
[2025-11-02T04:25:16.674+0000] {manager.py:878} INFO - 
================================================================================
DAG File Processing Stats

File Path                                   PID  Runtime      # DAGs    # Errors  Last Runtime    Last Run
----------------------------------------  -----  ---------  --------  ----------  --------------  -------------------
/opt/airflow/dags/news_summarizer_dag.py    358  0.01s             0           1  0.25s           2025-11-02T04:24:46
================================================================================
[2025-11-02T04:25:47.135+0000] {manager.py:878} INFO - 
================================================================================
DAG File Processing Stats

File Path                                   PID  Runtime      # DAGs    # Errors  Last Runtime    Last Run
----------------------------------------  -----  ---------  --------  ----------  --------------  -------------------
/opt/airflow/dags/news_summarizer_dag.py    363  0.01s             0           1  0.16s           2025-11-02T04:25:16
================================================================================
[2025-11-02T04:26:01.290+0000] {manager.py:737} INFO - Searching for files in /opt/airflow/dags
[2025-11-02T04:26:01.333+0000] {manager.py:740} INFO - There are 1 files in /opt/airflow/dags
[2025-11-02T04:26:17.537+0000] {manager.py:878} INFO - 
================================================================================
DAG File Processing Stats

File Path                                   PID  Runtime      # DAGs    # Errors  Last Runtime    Last Run
----------------------------------------  -----  ---------  --------  ----------  --------------  -------------------
/opt/airflow/dags/news_summarizer_dag.py    368  0.01s             0           1  0.19s           2025-11-02T04:25:47
================================================================================
[2025-11-02T04:26:48.045+0000] {manager.py:878} INFO - 
================================================================================
DAG File Processing Stats

File Path                                   PID  Runtime      # DAGs    # Errors  Last Runtime    Last Run
----------------------------------------  -----  ---------  --------  ----------  --------------  -------------------
/opt/airflow/dags/news_summarizer_dag.py    373  0.01s             0           1  0.16s           2025-11-02T04:26:17
================================================================================
[2025-11-02T04:27:18.648+0000] {manager.py:878} INFO - 
================================================================================
DAG File Processing Stats

File Path                                 PID    Runtime      # DAGs    # Errors  Last Runtime    Last Run
----------------------------------------  -----  ---------  --------  ----------  --------------  -------------------
/opt/airflow/dags/news_summarizer_dag.py                           0           1  0.97s           2025-11-02T04:26:49
================================================================================
[2025-11-02T04:27:48.926+0000] {manager.py:878} INFO - 
================================================================================
DAG File Processing Stats

File Path                                 PID    Runtime      # DAGs    # Errors  Last Runtime    Last Run
----------------------------------------  -----  ---------  --------  ----------  --------------  -------------------
/opt/airflow/dags/news_summarizer_dag.py                           0           1  0.36s           2025-11-02T04:27:20
================================================================================
[2025-11-02T04:28:20.738+0000] {manager.py:878} INFO - 
================================================================================
DAG File Processing Stats

File Path                                 PID    Runtime      # DAGs    # Errors  Last Runtime    Last Run
----------------------------------------  -----  ---------  --------  ----------  --------------  -------------------
/opt/airflow/dags/news_summarizer_dag.py                           0           1  3.41s           2025-11-02T04:27:53
================================================================================
[2025-11-02T04:28:52.323+0000] {manager.py:878} INFO - 
================================================================================
DAG File Processing Stats

File Path                                 PID    Runtime      # DAGs    # Errors  Last Runtime    Last Run
----------------------------------------  -----  ---------  --------  ----------  --------------  -------------------
/opt/airflow/dags/news_summarizer_dag.py                           0           1  1.05s           2025-11-02T04:28:29
================================================================================
[2025-11-02T04:29:22.483+0000] {manager.py:878} INFO - 
================================================================================
DAG File Processing Stats

File Path                                 PID    Runtime      # DAGs    # Errors  Last Runtime    Last Run
----------------------------------------  -----  ---------  --------  ----------  --------------  -------------------
/opt/airflow/dags/news_summarizer_dag.py                           0           1  2.02s           2025-11-02T04:29:02
================================================================================
[2025-11-02T04:29:53.322+0000] {manager.py:878} INFO - 
================================================================================
DAG File Processing Stats

File Path                                 PID    Runtime      # DAGs    # Errors  Last Runtime    Last Run
----------------------------------------  -----  ---------  --------  ----------  --------------  -------------------
/opt/airflow/dags/news_summarizer_dag.py                           0           1  0.38s           2025-11-02T04:29:33
================================================================================
[2025-11-02T04:30:23.882+0000] {manager.py:878} INFO - 
================================================================================
DAG File Processing Stats

File Path                                 PID    Runtime      # DAGs    # Errors  Last Runtime    Last Run
----------------------------------------  -----  ---------  --------  ----------  --------------  -------------------
/opt/airflow/dags/news_summarizer_dag.py                           0           1  0.37s           2025-11-02T04:30:03
================================================================================
[2025-11-02T04:30:54.479+0000] {manager.py:878} INFO - 
================================================================================
DAG File Processing Stats

File Path                                 PID    Runtime      # DAGs    # Errors  Last Runtime    Last Run
----------------------------------------  -----  ---------  --------  ----------  --------------  -------------------
/opt/airflow/dags/news_summarizer_dag.py                           0           1  0.49s           2025-11-02T04:30:34
================================================================================
[2025-11-02T04:31:01.606+0000] {manager.py:737} INFO - Searching for files in /opt/airflow/dags
[2025-11-02T04:31:01.908+0000] {manager.py:740} INFO - There are 1 files in /opt/airflow/dags
[2025-11-02T04:31:24.654+0000] {manager.py:878} INFO - 
================================================================================
DAG File Processing Stats

File Path                                 PID    Runtime      # DAGs    # Errors  Last Runtime    Last Run
----------------------------------------  -----  ---------  --------  ----------  --------------  -------------------
/opt/airflow/dags/news_summarizer_dag.py                           0           1  0.82s           2025-11-02T04:31:05
================================================================================
[2025-11-02T04:31:54.709+0000] {manager.py:878} INFO - 
================================================================================
DAG File Processing Stats

File Path                                 PID    Runtime      # DAGs    # Errors  Last Runtime    Last Run
----------------------------------------  -----  ---------  --------  ----------  --------------  -------------------
/opt/airflow/dags/news_summarizer_dag.py                           0           1  0.91s           2025-11-02T04:31:37
================================================================================
[2025-11-02T04:32:25.207+0000] {manager.py:878} INFO - 
================================================================================
DAG File Processing Stats

File Path                                 PID    Runtime      # DAGs    # Errors  Last Runtime    Last Run
----------------------------------------  -----  ---------  --------  ----------  --------------  -------------------
/opt/airflow/dags/news_summarizer_dag.py                           0           1  0.69s           2025-11-02T04:32:08
================================================================================
[2025-11-02T04:32:55.837+0000] {manager.py:878} INFO - 
================================================================================
DAG File Processing Stats

File Path                                 PID    Runtime      # DAGs    # Errors  Last Runtime    Last Run
----------------------------------------  -----  ---------  --------  ----------  --------------  -------------------
/opt/airflow/dags/news_summarizer_dag.py                           0           1  0.31s           2025-11-02T04:32:39
================================================================================
[2025-11-02T04:33:26.401+0000] {manager.py:878} INFO - 
================================================================================
DAG File Processing Stats

File Path                                 PID    Runtime      # DAGs    # Errors  Last Runtime    Last Run
----------------------------------------  -----  ---------  --------  ----------  --------------  -------------------
/opt/airflow/dags/news_summarizer_dag.py                           0           1  0.44s           2025-11-02T04:33:10
================================================================================
[2025-11-02T04:33:56.444+0000] {manager.py:878} INFO - 
================================================================================
DAG File Processing Stats

File Path                                 PID    Runtime      # DAGs    # Errors  Last Runtime    Last Run
----------------------------------------  -----  ---------  --------  ----------  --------------  -------------------
/opt/airflow/dags/news_summarizer_dag.py                           0           1  0.34s           2025-11-02T04:33:41
================================================================================
[2025-11-02T04:34:26.477+0000] {manager.py:878} INFO - 
================================================================================
DAG File Processing Stats

File Path                                 PID    Runtime      # DAGs    # Errors  Last Runtime    Last Run
----------------------------------------  -----  ---------  --------  ----------  --------------  -------------------
/opt/airflow/dags/news_summarizer_dag.py                           0           1  0.29s           2025-11-02T04:34:11
================================================================================
[2025-11-02T04:34:56.870+0000] {manager.py:878} INFO - 
================================================================================
DAG File Processing Stats

File Path                                 PID    Runtime      # DAGs    # Errors  Last Runtime    Last Run
----------------------------------------  -----  ---------  --------  ----------  --------------  -------------------
/opt/airflow/dags/news_summarizer_dag.py                           0           1  0.31s           2025-11-02T04:34:41
================================================================================
[2025-11-02T04:35:27.490+0000] {manager.py:878} INFO - 
================================================================================
DAG File Processing Stats

File Path                                 PID    Runtime      # DAGs    # Errors  Last Runtime    Last Run
----------------------------------------  -----  ---------  --------  ----------  --------------  -------------------
/opt/airflow/dags/news_summarizer_dag.py                           0           1  0.32s           2025-11-02T04:35:12
================================================================================
[2025-11-02T04:35:58.095+0000] {manager.py:878} INFO - 
================================================================================
DAG File Processing Stats

File Path                                 PID    Runtime      # DAGs    # Errors  Last Runtime    Last Run
----------------------------------------  -----  ---------  --------  ----------  --------------  -------------------
/opt/airflow/dags/news_summarizer_dag.py                           0           1  0.34s           2025-11-02T04:35:43
================================================================================
[2025-11-02T04:36:02.207+0000] {manager.py:737} INFO - Searching for files in /opt/airflow/dags
[2025-11-02T04:36:02.290+0000] {manager.py:740} INFO - There are 1 files in /opt/airflow/dags
[2025-11-02T04:36:28.170+0000] {manager.py:878} INFO - 
================================================================================
DAG File Processing Stats

File Path                                 PID    Runtime      # DAGs    # Errors  Last Runtime    Last Run
----------------------------------------  -----  ---------  --------  ----------  --------------  -------------------
/opt/airflow/dags/news_summarizer_dag.py                           0           1  0.40s           2025-11-02T04:36:13
================================================================================
[2025-11-02T04:36:58.294+0000] {manager.py:878} INFO - 
================================================================================
DAG File Processing Stats

File Path                                 PID    Runtime      # DAGs    # Errors  Last Runtime    Last Run
----------------------------------------  -----  ---------  --------  ----------  --------------  -------------------
/opt/airflow/dags/news_summarizer_dag.py                           0           1  0.23s           2025-11-02T04:36:44
================================================================================
[2025-11-02T04:37:28.908+0000] {manager.py:878} INFO - 
================================================================================
DAG File Processing Stats

File Path                                 PID    Runtime      # DAGs    # Errors  Last Runtime    Last Run
----------------------------------------  -----  ---------  --------  ----------  --------------  -------------------
/opt/airflow/dags/news_summarizer_dag.py                           0           1  0.32s           2025-11-02T04:37:14
================================================================================
[2025-11-02T04:37:59.411+0000] {manager.py:878} INFO - 
================================================================================
DAG File Processing Stats

File Path                                 PID    Runtime      # DAGs    # Errors  Last Runtime    Last Run
----------------------------------------  -----  ---------  --------  ----------  --------------  -------------------
/opt/airflow/dags/news_summarizer_dag.py                           0           1  0.25s           2025-11-02T04:37:45
================================================================================
[2025-11-02T04:38:30.277+0000] {manager.py:878} INFO - 
================================================================================
DAG File Processing Stats

File Path                                 PID    Runtime      # DAGs    # Errors  Last Runtime    Last Run
----------------------------------------  -----  ---------  --------  ----------  --------------  -------------------
/opt/airflow/dags/news_summarizer_dag.py                           0           1  0.40s           2025-11-02T04:38:16
================================================================================
[2025-11-02T04:38:59.177+0000] {manager.py:452} INFO - Exiting gracefully upon receiving signal 15
